[     713ms] [INFO] %cDownload the React DevTools for a better development experience: https://react.dev/link/react-devtools font-weight:bold @ http://localhost:3000/_next/static/chunks/node_modules_next_dist_115brz8._.js:2431
[     816ms] [LOG] [HMR] connected @ http://localhost:3000/_next/static/chunks/node_modules_next_dist_115brz8._.js:2431
[  283655ms] [LOG] [Fast Refresh] rebuilding @ http://localhost:3000/_next/static/chunks/node_modules_next_dist_115brz8._.js:2431
[  283686ms] [LOG] [Fast Refresh] done in 73ms @ http://localhost:3000/_next/static/chunks/node_modules_next_dist_115brz8._.js:2431
[  295329ms] [LOG] [Fast Refresh] rebuilding @ http://localhost:3000/_next/static/chunks/node_modules_next_dist_115brz8._.js:2431
[  295395ms] [LOG] [Fast Refresh] done in 22ms @ http://localhost:3000/_next/static/chunks/node_modules_next_dist_115brz8._.js:2431
[  306390ms] [LOG] [Fast Refresh] rebuilding @ http://localhost:3000/_next/static/chunks/node_modules_next_dist_115brz8._.js:2431
[  306434ms] [ERROR] ./src/components/sections/Hero.tsx:191:1
Unexpected token. Did you mean `{'}'}` or `&rbrace;`?
  189 |     </section>
  190 |   );
> 191 | }
      | ^
  192 |
  193 | export default Hero;
  194 |

Parsing ecmascript source code failed

Import trace:
  Server Component:
    ./src/components/sections/Hero.tsx
    ./src/app/page.tsx @ http://localhost:3000/_next/static/chunks/node_modules_next_dist_115brz8._.js:3272
[  306577ms] [LOG] [Fast Refresh] rebuilding @ http://localhost:3000/_next/static/chunks/node_modules_next_dist_115brz8._.js:2431
[  306705ms] [ERROR] ./src/components/sections/Hero.tsx:191:1
Unexpected token. Did you mean `{'}'}` or `&rbrace;`?
  189 |     </section>
  190 |   );
> 191 | }
      | ^
  192 |
  193 | export default Hero;
  194 |

Parsing ecmascript source code failed

Import trace:
  Server Component:
    ./src/components/sections/Hero.tsx
    ./src/app/page.tsx @ http://localhost:3000/_next/static/chunks/node_modules_next_dist_115brz8._.js:3272
[  306742ms] [ERROR] ./src/components/sections/Hero.tsx:191:1
Unexpected token. Did you mean `{'}'}` or `&rbrace;`?
  189 |     </section>
  190 |   );
> 191 | }
      | ^
  192 |
  193 | export default Hero;
  194 |

Parsing ecmascript source code failed

Import trace:
  Server Component:
    ./src/components/sections/Hero.tsx
    ./src/app/page.tsx @ http://localhost:3000/_next/static/chunks/node_modules_next_dist_115brz8._.js:3272
[  306844ms] [LOG] [Fast Refresh] rebuilding @ http://localhost:3000/_next/static/chunks/node_modules_next_dist_115brz8._.js:2431
[  306987ms] [ERROR] ./src/components/sections/Hero.tsx:191:1
Unexpected token. Did you mean `{'}'}` or `&rbrace;`?
  189 |     </section>
  190 |   );
> 191 | }
      | ^
  192 |
  193 | export default Hero;
  194 |

Parsing ecmascript source code failed

Import trace:
  Server Component:
    ./src/components/sections/Hero.tsx
    ./src/app/page.tsx @ http://localhost:3000/_next/static/chunks/node_modules_next_dist_115brz8._.js:3272
[  306988ms] [ERROR] Failed to load resource: the server responded with a status of 500 (Internal Server Error) @ http://localhost:3000/?_rsc=wnywt:0
[  307006ms] [ERROR] Failed to load resource: the server responded with a status of 500 (Internal Server Error) @ http://localhost:3000/?_rsc=wnywt:0
[  307021ms] [ERROR] Failed to load resource: the server responded with a status of 500 (Internal Server Error) @ http://localhost:3000/:0
[  307100ms] [INFO] %cDownload the React DevTools for a better development experience: https://react.dev/link/react-devtools font-weight:bold @ http://localhost:3000/_next/static/chunks/node_modules_react-dom_0bruynb._.js:15305
[  307169ms] Error: ./src/components/sections/Hero.tsx:191:1
Unexpected token. Did you mean `{'}'}` or `&rbrace;`?
  189 |     </section>
  190 |   );
> 191 | }
      | ^
  192 |
  193 | export default Hero;
  194 |

Parsing ecmascript source code failed

Import trace:
  Server Component:
    ./src/components/sections/Hero.tsx
    ./src/app/page.tsx


    at <unknown> (Error: ./src/components/sections/Hero.tsx:191:1)
    at Object.getCompilationErrors (file://C:\Projects\Karyn-Emerson\karyn-emerson\node_modules\next\dist\server\dev\hot-reloader-turbopack.js:1186:59)
    at DevBundlerService.getCompilationError (file://C:\Projects\Karyn-Emerson\karyn-emerson\node_modules\next\dist\server\lib\dev-bundler-service.js:44:55)
    at DevServer.getCompilationError (file://C:\Projects\Karyn-Emerson\karyn-emerson\node_modules\next\dist\server\dev\next-dev-server.js:719:42)
    at DevServer.findPageComponents (file://C:\Projects\Karyn-Emerson\karyn-emerson\node_modules\next\dist\server\dev\next-dev-server.js:689:43)
    at async DevServer.renderErrorToResponseImpl (file://C:\Projects\Karyn-Emerson\karyn-emerson\node_modules\next\dist\server\base-server.js:1745:26)
[  307171ms] [LOG] [HMR] connected @ http://localhost:3000/_next/static/chunks/node_modules_next_dist_0u_w_5s._.js:1226
[  307175ms] [ERROR] ./src/components/sections/Hero.tsx:191:1
Unexpected token. Did you mean `{'}'}` or `&rbrace;`?
  189 |     </section>
  190 |   );
> 191 | }
      | ^
  192 |
  193 | export default Hero;
  194 |

Parsing ecmascript source code failed

Import trace:
  Server Component:
    ./src/components/sections/Hero.tsx
    ./src/app/page.tsx @ http://localhost:3000/_next/static/chunks/node_modules_next_dist_0u_w_5s._.js:1945
[  307243ms] [ERROR] ./src/components/sections/Hero.tsx:191:1
Unexpected token. Did you mean `{'}'}` or `&rbrace;`?
  189 |     </section>
  190 |   );
> 191 | }
      | ^
  192 |
  193 | export default Hero;
  194 |

Parsing ecmascript source code failed

Import trace:
  Server Component:
    ./src/components/sections/Hero.tsx
    ./src/app/page.tsx @ http://localhost:3000/_next/static/chunks/node_modules_next_dist_0u_w_5s._.js:1945
[  307279ms] [LOG] [Fast Refresh] rebuilding @ http://localhost:3000/_next/static/chunks/node_modules_next_dist_0u_w_5s._.js:1226
[  318541ms] [LOG] [Fast Refresh] rebuilding @ http://localhost:3000/_next/static/chunks/node_modules_next_dist_0u_w_5s._.js:1226
[  318654ms] [LOG] [Fast Refresh] done in 57ms @ http://localhost:3000/_next/static/chunks/node_modules_next_dist_0u_w_5s._.js:1226
[  318827ms] [INFO] %cDownload the React DevTools for a better development experience: https://react.dev/link/react-devtools font-weight:bold @ http://localhost:3000/_next/static/chunks/node_modules_next_dist_115brz8._.js:2431
[  318853ms] [LOG] [HMR] connected @ http://localhost:3000/_next/static/chunks/node_modules_next_dist_115brz8._.js:2431
